<?xml version="1.0" encoding="UTF-8"?>
<!-- Generated by org.testng.reporters.JUnitReportReporter -->
<testsuite hostname="LAPTOP-CFNR1QK5" failures="0" tests="1" name="TestCases.LoginTestCases" time="37.724" errors="0" timestamp="2024-07-25T18:17:34 IST" skipped="0">
  <testcase classname="TestCases.LoginTestCases" name="VerifyWithValidData" time="37.724"/>
  <system-out/>
</testsuite> <!-- TestCases.LoginTestCases -->
